#-----------------------------------------------------------
# Vivado v2024.1 (64-bit)
# SW Build 5076996 on Wed May 22 18:37:14 MDT 2024
# IP Build 5075265 on Wed May 22 21:45:21 MDT 2024
# SharedData Build 5076995 on Wed May 22 18:29:18 MDT 2024
# Start of session at: Tue Nov 19 21:10:00 2024
# Process ID: 12320
# Current directory: X:/Documents/311Labs/EC311_project/ENDPROJECT
# Command line: vivado.exe -gui_launcher_event rodinguilauncherevent17856 X:\Documents\311Labs\EC311_project\ENDPROJECT\ENDPROJECT.xpr
# Log file: X:/Documents/311Labs/EC311_project/ENDPROJECT/vivado.log
# Journal file: X:/Documents/311Labs/EC311_project/ENDPROJECT\vivado.jou
# Running On        :ECE-PHO115-06
# Platform          :Windows Server 2016 or Windows 10
# Operating System  :19045
# Processor Detail  :12th Gen Intel(R) Core(TM) i7-12700K
# CPU Frequency     :3610 MHz
# CPU Physical cores:12
# CPU Logical cores :20
# Host memory       :16853 MB
# Swap memory       :2550 MB
# Total Virtual     :19403 MB
# Available Virtual :8637 MB
#-----------------------------------------------------------
start_gui
open_project X:/Documents/311Labs/EC311_project/ENDPROJECT/ENDPROJECT.xpr
WARNING: [Board 49-26] cannot add Board Part xilinx.com:vek280_es:part0:1.0 available at C:/Xilinx/Vivado/2024.1/data/xhub/boards/XilinxBoardStore/boards/Xilinx/vek280/es/rev_a/1.0/board.xml as part xcve2802-vsvh1760-2lp-e-s-es1 specified in board_part file is either invalid or not available
WARNING: [Board 49-26] cannot add Board Part xilinx.com:vek280_es:part0:1.1 available at C:/Xilinx/Vivado/2024.1/data/xhub/boards/XilinxBoardStore/boards/Xilinx/vek280/es/rev_a/1.1/board.xml as part xcve2802-vsvh1760-2lp-e-s-es1 specified in board_part file is either invalid or not available
WARNING: [Board 49-26] cannot add Board Part xilinx.com:vek280_es_revb:part0:1.0 available at C:/Xilinx/Vivado/2024.1/data/xhub/boards/XilinxBoardStore/boards/Xilinx/vek280/es/rev_b/1.0/board.xml as part xcve2802-vsvh1760-2mp-e-s-es1 specified in board_part file is either invalid or not available
WARNING: [Board 49-26] cannot add Board Part xilinx.com:vek280_es_revb:part0:1.1 available at C:/Xilinx/Vivado/2024.1/data/xhub/boards/XilinxBoardStore/boards/Xilinx/vek280/es/rev_b/1.1/board.xml as part xcve2802-vsvh1760-2mp-e-s-es1 specified in board_part file is either invalid or not available
WARNING: [Board 49-26] cannot add Board Part xilinx.com:vhk158_es:part0:1.0 available at C:/Xilinx/Vivado/2024.1/data/xhub/boards/XilinxBoardStore/boards/Xilinx/vhk158/es/1.0/board.xml as part xcvh1582-vsva3697-2mp-e-s-es1 specified in board_part file is either invalid or not available
WARNING: [Board 49-26] cannot add Board Part xilinx.com:vhk158_es:part0:1.1 available at C:/Xilinx/Vivado/2024.1/data/xhub/boards/XilinxBoardStore/boards/Xilinx/vhk158/es/1.1/board.xml as part xcvh1582-vsva3697-2mp-e-s-es1 specified in board_part file is either invalid or not available
WARNING: [Board 49-26] cannot add Board Part xilinx.com:zcu208ld:part0:2.0 available at C:/Xilinx/Vivado/2024.1/data/xhub/boards/XilinxBoardStore/boards/Xilinx/zcu208ld/production/2.0/board.xml as part xczu58dr-fsvg1517-2-i specified in board_part file is either invalid or not available
WARNING: [Board 49-26] cannot add Board Part xilinx.com:zcu216ld:part0:2.0 available at C:/Xilinx/Vivado/2024.1/data/xhub/boards/XilinxBoardStore/boards/Xilinx/zcu216ld/production/2.0/board.xml as part xczu59dr-ffvf1760-2-i specified in board_part file is either invalid or not available
WARNING: [Board 49-26] cannot add Board Part xilinx.com:zcu670ld:part0:1.0 available at C:/Xilinx/Vivado/2024.1/data/xhub/boards/XilinxBoardStore/boards/Xilinx/zcu670ld/1.0/board.xml as part xczu57dr-fsve1156-2-i specified in board_part file is either invalid or not available
INFO: [Project 1-313] Project file moved from 'X:/Documents/311Labs/ENDPROJECT' since last save.
INFO: [filemgmt 56-3] Default IP Output Path : Could not find the directory 'X:/Documents/311Labs/EC311_project/ENDPROJECT/ENDPROJECT.gen/sources_1'.
Scanning sources...
Finished scanning sources
INFO: [IP_Flow 19-234] Refreshing IP repositories
INFO: [IP_Flow 19-1704] No user IP repositories specified
INFO: [IP_Flow 19-2313] Loaded Vivado IP repository 'C:/Xilinx/Vivado/2024.1/data/ip'.
open_project: Time (s): cpu = 00:00:13 ; elapsed = 00:00:07 . Memory (MB): peak = 1648.668 ; gain = 393.426
update_compile_order -fileset sources_1
close [ open X:/Documents/311Labs/EC311_project/ENDPROJECT/ENDPROJECT.srcs/sources_1/new/letterInput.v w ]
add_files X:/Documents/311Labs/EC311_project/ENDPROJECT/ENDPROJECT.srcs/sources_1/new/letterInput.v
update_compile_order -fileset sources_1
WARNING: [filemgmt 56-199] Attempt to get parsing info during refresh. "On-the-fly" syntax checking information may be incorrect. [X:\Documents\311Labs\EC311_project\ENDPROJECT\ENDPROJECT.srcs\sources_1\new\morseInput.v:]
WARNING: [filemgmt 56-199] Attempt to get parsing info during refresh. "On-the-fly" syntax checking information may be incorrect. [X:\Documents\311Labs\EC311_project\ENDPROJECT\ENDPROJECT.srcs\sources_1\new\letterInput.v:]
WARNING: [filemgmt 56-199] Attempt to get parsing info during refresh. "On-the-fly" syntax checking information may be incorrect. [X:\Documents\311Labs\EC311_project\ENDPROJECT\ENDPROJECT.srcs\sources_1\new\letterInput.v:]
WARNING: [filemgmt 56-199] Attempt to get parsing info during refresh. "On-the-fly" syntax checking information may be incorrect. [X:\Documents\311Labs\EC311_project\ENDPROJECT\ENDPROJECT.srcs\sources_1\new\letterInput.v:]
ERROR: [Common 17-180] Spawn failed: No error
WARNING: [filemgmt 56-199] Attempt to get parsing info during refresh. "On-the-fly" syntax checking information may be incorrect. [X:\Documents\311Labs\EC311_project\ENDPROJECT\ENDPROJECT.srcs\sources_1\new\morseInput.v:]
WARNING: [filemgmt 56-199] Attempt to get parsing info during refresh. "On-the-fly" syntax checking information may be incorrect. [X:\Documents\311Labs\EC311_project\ENDPROJECT\ENDPROJECT.srcs\sources_1\new\letterInput.v:]
WARNING: [filemgmt 56-199] Attempt to get parsing info during refresh. "On-the-fly" syntax checking information may be incorrect. [X:\Documents\311Labs\EC311_project\ENDPROJECT\ENDPROJECT.srcs\sources_1\new\letterInput.v:]
WARNING: [filemgmt 56-199] Attempt to get parsing info during refresh. "On-the-fly" syntax checking information may be incorrect. [X:\Documents\311Labs\EC311_project\ENDPROJECT\ENDPROJECT.srcs\sources_1\new\letterInput.v:]
ERROR: [Common 17-180] Spawn failed: No error
update_compile_order -fileset sources_1
WARNING: [filemgmt 56-199] Attempt to get parsing info during refresh. "On-the-fly" syntax checking information may be incorrect. [X:\Documents\311Labs\EC311_project\ENDPROJECT\ENDPROJECT.srcs\sources_1\new\morseInput.v:]
WARNING: [filemgmt 56-199] Attempt to get parsing info during refresh. "On-the-fly" syntax checking information may be incorrect. [X:\Documents\311Labs\EC311_project\ENDPROJECT\ENDPROJECT.srcs\sources_1\new\letterInput.v:]
WARNING: [filemgmt 56-199] Attempt to get parsing info during refresh. "On-the-fly" syntax checking information may be incorrect. [X:\Documents\311Labs\EC311_project\ENDPROJECT\ENDPROJECT.srcs\sources_1\new\letterInput.v:]
WARNING: [filemgmt 56-199] Attempt to get parsing info during refresh. "On-the-fly" syntax checking information may be incorrect. [X:\Documents\311Labs\EC311_project\ENDPROJECT\ENDPROJECT.srcs\sources_1\new\letterInput.v:]
ERROR: [Common 17-180] Spawn failed: No error
WARNING: [filemgmt 56-199] Attempt to get parsing info during refresh. "On-the-fly" syntax checking information may be incorrect. [X:\Documents\311Labs\EC311_project\ENDPROJECT\ENDPROJECT.srcs\sources_1\new\morseInput.v:]
WARNING: [filemgmt 56-199] Attempt to get parsing info during refresh. "On-the-fly" syntax checking information may be incorrect. [X:\Documents\311Labs\EC311_project\ENDPROJECT\ENDPROJECT.srcs\sources_1\new\letterInput.v:]
WARNING: [filemgmt 56-199] Attempt to get parsing info during refresh. "On-the-fly" syntax checking information may be incorrect. [X:\Documents\311Labs\EC311_project\ENDPROJECT\ENDPROJECT.srcs\sources_1\new\letterInput.v:]
WARNING: [filemgmt 56-199] Attempt to get parsing info during refresh. "On-the-fly" syntax checking information may be incorrect. [X:\Documents\311Labs\EC311_project\ENDPROJECT\ENDPROJECT.srcs\sources_1\new\letterInput.v:]
ERROR: [Common 17-180] Spawn failed: No error
WARNING: [filemgmt 56-199] Attempt to get parsing info during refresh. "On-the-fly" syntax checking information may be incorrect. [X:\Documents\311Labs\EC311_project\ENDPROJECT\ENDPROJECT.srcs\sources_1\new\morseInput.v:]
WARNING: [filemgmt 56-199] Attempt to get parsing info during refresh. "On-the-fly" syntax checking information may be incorrect. [X:\Documents\311Labs\EC311_project\ENDPROJECT\ENDPROJECT.srcs\sources_1\new\letterInput.v:]
WARNING: [filemgmt 56-199] Attempt to get parsing info during refresh. "On-the-fly" syntax checking information may be incorrect. [X:\Documents\311Labs\EC311_project\ENDPROJECT\ENDPROJECT.srcs\sources_1\new\letterInput.v:]
WARNING: [filemgmt 56-199] Attempt to get parsing info during refresh. "On-the-fly" syntax checking information may be incorrect. [X:\Documents\311Labs\EC311_project\ENDPROJECT\ENDPROJECT.srcs\sources_1\new\letterInput.v:]
ERROR: [Common 17-180] Spawn failed: No error
