#-----------------------------------------------------------
# Vivado v2024.1 (64-bit)
# SW Build 5076996 on Wed May 22 18:37:14 MDT 2024
# IP Build 5075265 on Wed May 22 21:45:21 MDT 2024
# SharedData Build 5076995 on Wed May 22 18:29:18 MDT 2024
# Start of session at: Thu Nov 21 21:31:13 2024
# Process ID: 14068
# Current directory: X:/EC311/EC311_project/ENDPROJECT
# Command line: vivado.exe -gui_launcher_event rodinguilauncherevent18124 X:\EC311\EC311_project\ENDPROJECT\ENDPROJECT.xpr
# Log file: X:/EC311/EC311_project/ENDPROJECT/vivado.log
# Journal file: X:/EC311/EC311_project/ENDPROJECT\vivado.jou
# Running On        :ECE-PHO115-09
# Platform          :Windows Server 2016 or Windows 10
# Operating System  :19045
# Processor Detail  :12th Gen Intel(R) Core(TM) i7-12700K
# CPU Frequency     :3610 MHz
# CPU Physical cores:12
# CPU Logical cores :20
# Host memory       :16861 MB
# Swap memory       :2550 MB
# Total Virtual     :19412 MB
# Available Virtual :8083 MB
#-----------------------------------------------------------
start_gui
open_project X:/EC311/EC311_project/ENDPROJECT/ENDPROJECT.xpr
WARNING: [Board 49-26] cannot add Board Part xilinx.com:vek280_es:part0:1.0 available at C:/Xilinx/Vivado/2024.1/data/xhub/boards/XilinxBoardStore/boards/Xilinx/vek280/es/rev_a/1.0/board.xml as part xcve2802-vsvh1760-2lp-e-s-es1 specified in board_part file is either invalid or not available
WARNING: [Board 49-26] cannot add Board Part xilinx.com:vek280_es:part0:1.1 available at C:/Xilinx/Vivado/2024.1/data/xhub/boards/XilinxBoardStore/boards/Xilinx/vek280/es/rev_a/1.1/board.xml as part xcve2802-vsvh1760-2lp-e-s-es1 specified in board_part file is either invalid or not available
WARNING: [Board 49-26] cannot add Board Part xilinx.com:vek280_es_revb:part0:1.0 available at C:/Xilinx/Vivado/2024.1/data/xhub/boards/XilinxBoardStore/boards/Xilinx/vek280/es/rev_b/1.0/board.xml as part xcve2802-vsvh1760-2mp-e-s-es1 specified in board_part file is either invalid or not available
WARNING: [Board 49-26] cannot add Board Part xilinx.com:vek280_es_revb:part0:1.1 available at C:/Xilinx/Vivado/2024.1/data/xhub/boards/XilinxBoardStore/boards/Xilinx/vek280/es/rev_b/1.1/board.xml as part xcve2802-vsvh1760-2mp-e-s-es1 specified in board_part file is either invalid or not available
WARNING: [Board 49-26] cannot add Board Part xilinx.com:vhk158_es:part0:1.0 available at C:/Xilinx/Vivado/2024.1/data/xhub/boards/XilinxBoardStore/boards/Xilinx/vhk158/es/1.0/board.xml as part xcvh1582-vsva3697-2mp-e-s-es1 specified in board_part file is either invalid or not available
WARNING: [Board 49-26] cannot add Board Part xilinx.com:vhk158_es:part0:1.1 available at C:/Xilinx/Vivado/2024.1/data/xhub/boards/XilinxBoardStore/boards/Xilinx/vhk158/es/1.1/board.xml as part xcvh1582-vsva3697-2mp-e-s-es1 specified in board_part file is either invalid or not available
WARNING: [Board 49-26] cannot add Board Part xilinx.com:zcu208ld:part0:2.0 available at C:/Xilinx/Vivado/2024.1/data/xhub/boards/XilinxBoardStore/boards/Xilinx/zcu208ld/production/2.0/board.xml as part xczu58dr-fsvg1517-2-i specified in board_part file is either invalid or not available
WARNING: [Board 49-26] cannot add Board Part xilinx.com:zcu216ld:part0:2.0 available at C:/Xilinx/Vivado/2024.1/data/xhub/boards/XilinxBoardStore/boards/Xilinx/zcu216ld/production/2.0/board.xml as part xczu59dr-ffvf1760-2-i specified in board_part file is either invalid or not available
WARNING: [Board 49-26] cannot add Board Part xilinx.com:zcu670ld:part0:1.0 available at C:/Xilinx/Vivado/2024.1/data/xhub/boards/XilinxBoardStore/boards/Xilinx/zcu670ld/1.0/board.xml as part xczu57dr-fsve1156-2-i specified in board_part file is either invalid or not available
INFO: [Project 1-313] Project file moved from 'X:/Documents/311Labs/EC311_project/ENDPROJECT' since last save.
INFO: [filemgmt 56-3] Default IP Output Path : Could not find the directory 'X:/EC311/EC311_project/ENDPROJECT/ENDPROJECT.gen/sources_1'.
CRITICAL WARNING: [Project 1-19] Could not find the file 'C:/Users/nstrahs/Downloads/debouncer.v'.
CRITICAL WARNING: [Project 1-19] Could not find the file 'C:/Users/nstrahs/Downloads/clk_divider.v'.
Scanning sources...
Finished scanning sources
INFO: [IP_Flow 19-234] Refreshing IP repositories
INFO: [IP_Flow 19-1704] No user IP repositories specified
INFO: [IP_Flow 19-2313] Loaded Vivado IP repository 'C:/Xilinx/Vivado/2024.1/data/ip'.
open_project: Time (s): cpu = 00:00:13 ; elapsed = 00:00:07 . Memory (MB): peak = 1633.801 ; gain = 378.445
update_compile_order -fileset sources_1
add_files -norecurse {X:/EC311/EC311_project/ENDPROJECT/ENDPROJECT.srcs/sources_1/new/vga_controller.v X:/EC311/EC311_project/ENDPROJECT/ENDPROJECT.srcs/sources_1/new/letterInput.v X:/EC311/EC311_project/ENDPROJECT/ENDPROJECT.srcs/sources_1/new/clk_divider.v X:/EC311/EC311_project/ENDPROJECT/ENDPROJECT.srcs/sources_1/new/debouncer.v X:/EC311/EC311_project/ENDPROJECT/ENDPROJECT.srcs/sources_1/new/vga_top.v X:/EC311/EC311_project/ENDPROJECT/ENDPROJECT.srcs/sources_1/new/morseInput.v}
WARNING: [filemgmt 56-12] File 'X:/EC311/EC311_project/ENDPROJECT/ENDPROJECT.srcs/sources_1/new/letterInput.v' cannot be added to the project because it already exists in the project, skipping this file
WARNING: [filemgmt 56-12] File 'X:/EC311/EC311_project/ENDPROJECT/ENDPROJECT.srcs/sources_1/new/morseInput.v' cannot be added to the project because it already exists in the project, skipping this file
update_compile_order -fileset sources_1
exit
INFO: [Common 17-206] Exiting Vivado at Thu Nov 21 21:33:46 2024...
